{
  "RSpec": {
    "coverage": {
      "/Users/frankavila/Desktop/french/config/environment.rb": [
        null,
        1,
        null,
        null,
        1
      ],
      "/Users/frankavila/Desktop/french/config/application.rb": [
        1,
        null,
        1,
        null,
        null,
        null,
        1,
        null,
        1,
        1,
        null,
        null,
        null,
        null,
        null,
        null,
        null,
        null,
        null,
        null,
        null,
        null,
        null,
        1,
        null,
        null
      ],
      "/Users/frankavila/Desktop/french/config/boot.rb": [
        1,
        null,
        1
      ],
      "/Users/frankavila/Desktop/french/config/environments/test.rb": [
        1,
        null,
        null,
        null,
        null,
        null,
        null,
        1,
        null,
        null,
        null,
        null,
        1,
        null,
        null,
        1,
        1,
        null,
        null,
        1,
        1,
        null,
        null,
        1,
        null,
        null,
        1,
        null,
        null,
        null,
        null,
        1,
        1,
        null,
        null,
        1,
        null,
        null,
        1,
        null,
        null,
        null,
        1,
        1,
        1,
        null,
        null
      ],
      "/Users/frankavila/Desktop/french/config/initializers/assets.rb": [
        null,
        null,
        null,
        1,
        null,
        null,
        null,
        null,
        null,
        null,
        null
      ],
      "/Users/frankavila/Desktop/french/config/initializers/backtrace_silencers.rb": [
        null,
        null,
        null,
        null,
        1,
        null,
        null,
        null
      ],
      "/Users/frankavila/Desktop/french/config/initializers/cookies_serializer.rb": [
        null,
        null,
        1
      ],
      "/Users/frankavila/Desktop/french/config/initializers/filter_parameter_logging.rb": [
        null,
        null,
        null,
        1
      ],
      "/Users/frankavila/Desktop/french/config/initializers/inflections.rb": [
        null,
        null,
        null,
        null,
        null,
        null,
        null,
        null,
        null,
        null,
        null,
        null,
        null,
        null,
        null,
        null
      ],
      "/Users/frankavila/Desktop/french/config/initializers/mime_types.rb": [
        null,
        null,
        null,
        null
      ],
      "/Users/frankavila/Desktop/french/config/initializers/session_store.rb": [
        null,
        null,
        1
      ],
      "/Users/frankavila/Desktop/french/config/initializers/simple_form.rb": [
        null,
        1,
        null,
        null,
        null,
        null,
        null,
        1,
        null,
        null,
        null,
        null,
        null,
        null,
        null,
        null,
        null,
        1,
        null,
        null,
        null,
        1,
        null,
        null,
        null,
        null,
        null,
        null,
        null,
        null,
        1,
        null,
        null,
        1,
        null,
        null,
        1,
        null,
        null,
        1,
        null,
        null,
        1,
        1,
        1,
        null,
        null,
        null,
        null,
        null,
        null,
        null,
        null,
        null,
        1,
        null,
        null,
        null,
        null,
        null,
        1,
        null,
        null,
        1,
        null,
        null,
        null,
        null,
        null,
        null,
        null,
        1,
        null,
        null,
        1,
        null,
        null,
        null,
        null,
        null,
        null,
        null,
        null,
        null,
        null,
        null,
        null,
        null,
        null,
        null,
        null,
        null,
        null,
        null,
        null,
        null,
        null,
        null,
        null,
        null,
        null,
        null,
        null,
        null,
        null,
        null,
        null,
        null,
        null,
        null,
        null,
        null,
        null,
        null,
        null,
        null,
        null,
        null,
        null,
        1,
        null,
        null,
        null,
        null,
        null,
        null,
        null,
        null,
        null,
        null,
        null,
        null,
        null,
        null,
        null,
        null,
        null,
        null,
        null,
        null,
        null,
        null,
        null,
        null,
        null,
        null,
        null,
        null,
        null,
        null,
        null,
        null,
        null,
        null,
        null,
        null,
        1,
        null,
        null,
        null,
        null,
        null,
        null,
        null,
        null
      ],
      "/Users/frankavila/Desktop/french/config/initializers/simple_form_bootstrap.rb": [
        null,
        1,
        1,
        1,
        1,
        null,
        1,
        1,
        1,
        1,
        1,
        1,
        1,
        1,
        null,
        1,
        1,
        1,
        null,
        null,
        1,
        1,
        1,
        1,
        1,
        1,
        null,
        1,
        1,
        1,
        null,
        null,
        1,
        1,
        1,
        null,
        1,
        1,
        null,
        null,
        1,
        1,
        null,
        null,
        1,
        1,
        1,
        1,
        1,
        1,
        1,
        null,
        null,
        1,
        1,
        1,
        1,
        1,
        1,
        1,
        1,
        null,
        1,
        1,
        1,
        1,
        null,
        null,
        null,
        1,
        1,
        1,
        1,
        1,
        1,
        null,
        1,
        1,
        1,
        1,
        null,
        null,
        null,
        1,
        1,
        1,
        null,
        1,
        1,
        1,
        null,
        null,
        1,
        1,
        null,
        null,
        null,
        1,
        1,
        1,
        null,
        1,
        null,
        1,
        1,
        1,
        1,
        null,
        null,
        null,
        1,
        1,
        1,
        1,
        1,
        1,
        1,
        1,
        null,
        1,
        1,
        1,
        null,
        null,
        1,
        1,
        1,
        1,
        1,
        1,
        1,
        1,
        null,
        null,
        null,
        null,
        null,
        null,
        1,
        1,
        null,
        null,
        null,
        null,
        null,
        null,
        null,
        null,
        null
      ],
      "/Users/frankavila/Desktop/french/config/initializers/wrap_parameters.rb": [
        null,
        null,
        null,
        null,
        null,
        null,
        1,
        1,
        null,
        null,
        null,
        null,
        null,
        null
      ],
      "/Users/frankavila/Desktop/french/spec/factories/days.rb": [
        1,
        1,
        1,
        52,
        1,
        null,
        null
      ],
      "/Users/frankavila/Desktop/french/spec/factories/entitlements.rb": [
        1,
        1,
        1,
        31,
        31,
        1,
        null,
        null
      ],
      "/Users/frankavila/Desktop/french/spec/factories/events.rb": [
        1,
        1,
        1,
        120,
        120,
        1,
        null,
        null
      ],
      "/Users/frankavila/Desktop/french/spec/factories/orders.rb": [
        1,
        1,
        1,
        1,
        24,
        24,
        1,
        1,
        1,
        24,
        24,
        24,
        24,
        1,
        1,
        1,
        1,
        1,
        1,
        1,
        1,
        1,
        null,
        1,
        15,
        15,
        15,
        null,
        null,
        null
      ],
      "/Users/frankavila/Desktop/french/spec/factories/rooms.rb": [
        1,
        1,
        23,
        null,
        null
      ],
      "/Users/frankavila/Desktop/french/spec/factories/sub_events.rb": [
        1,
        1,
        1,
        1,
        null,
        null
      ],
      "/Users/frankavila/Desktop/french/spec/factories/tickets.rb": [
        1,
        1,
        1,
        51,
        1,
        1,
        1,
        null,
        null
      ],
      "/Users/frankavila/Desktop/french/spec/factories/users.rb": [
        1,
        1,
        199,
        199,
        199,
        1,
        1,
        null,
        null
      ],
      "/Users/frankavila/Desktop/french/spec/factories/workshops.rb": [
        1,
        1,
        5,
        1,
        1,
        1,
        1,
        1,
        null,
        null
      ],
      "/Users/frankavila/Desktop/french/config/routes.rb": [
        1,
        null,
        1,
        null,
        1,
        null,
        1,
        null,
        1,
        null,
        1,
        null,
        1,
        1,
        1,
        1,
        1,
        1,
        1,
        1,
        1,
        1,
        1,
        1,
        null,
        1,
        1,
        1,
        1,
        1,
        1,
        null,
        null,
        1,
        1,
        1,
        null,
        null,
        null
      ],
      "/Users/frankavila/Desktop/french/app/helpers/account_activations_helper.rb": [
        1,
        null
      ],
      "/Users/frankavila/Desktop/french/app/helpers/application_helper.rb": [
        1,
        1,
        0,
        0,
        0,
        0,
        null,
        null,
        null,
        1,
        0,
        0,
        0,
        null,
        0,
        null,
        null,
        null,
        null,
        1,
        null,
        0,
        null,
        null,
        null,
        null,
        null,
        null,
        null,
        null,
        null,
        null,
        null,
        null,
        null,
        null,
        null,
        null,
        null,
        null,
        null,
        null,
        null,
        null,
        null,
        null,
        null,
        null,
        null,
        null,
        null,
        null,
        null,
        null,
        null,
        null,
        null,
        null,
        null,
        null,
        null,
        null,
        null,
        null,
        null,
        null,
        null,
        null,
        null,
        null,
        null,
        null,
        null,
        null,
        null
      ],
      "/Users/frankavila/Desktop/french/app/helpers/days_helper.rb": [
        1,
        null
      ],
      "/Users/frankavila/Desktop/french/app/helpers/events_helper.rb": [
        1,
        null
      ],
      "/Users/frankavila/Desktop/french/app/helpers/orders_helper.rb": [
        1,
        1,
        0,
        0,
        0,
        0,
        null,
        null,
        1,
        0,
        0,
        0,
        null,
        null,
        1,
        0,
        null,
        null
      ],
      "/Users/frankavila/Desktop/french/app/helpers/password_resets_helper.rb": [
        1,
        null
      ],
      "/Users/frankavila/Desktop/french/app/helpers/public_helper.rb": [
        1,
        null
      ],
      "/Users/frankavila/Desktop/french/app/helpers/rooms_helper.rb": [
        1,
        null
      ],
      "/Users/frankavila/Desktop/french/app/helpers/sessions_helper.rb": [
        1,
        null,
        null,
        1,
        64,
        null,
        null,
        null,
        1,
        0,
        0,
        0,
        null,
        null,
        null,
        1,
        0,
        null,
        null,
        null,
        1,
        27,
        23,
        4,
        0,
        0,
        0,
        0,
        null,
        null,
        null,
        null,
        null,
        1,
        0,
        null,
        null,
        null,
        1,
        0,
        0,
        0,
        null,
        null,
        null,
        1,
        0,
        0,
        0,
        null,
        null,
        null,
        1,
        0,
        0,
        null,
        null,
        null,
        1,
        4,
        null,
        null
      ],
      "/Users/frankavila/Desktop/french/app/helpers/static_pages_helper.rb": [
        1,
        null
      ],
      "/Users/frankavila/Desktop/french/app/helpers/sub_events_helper.rb": [
        1,
        null
      ],
      "/Users/frankavila/Desktop/french/app/helpers/tickets_helper.rb": [
        1,
        null
      ],
      "/Users/frankavila/Desktop/french/app/helpers/users_helper.rb": [
        1,
        null,
        null
      ],
      "/Users/frankavila/Desktop/french/app/helpers/workshops_helper.rb": [
        1,
        null
      ],
      "/Users/frankavila/Desktop/french/app/controllers/days_controller.rb": [
        1,
        1,
        0,
        0,
        0,
        null,
        null,
        1,
        0,
        0,
        0,
        0,
        null,
        null,
        null,
        1,
        0,
        null,
        null,
        1,
        null,
        1,
        0,
        null,
        null
      ],
      "/Users/frankavila/Desktop/french/app/controllers/application_controller.rb": [
        1,
        null,
        null,
        1,
        1,
        null,
        1,
        0,
        null,
        null,
        1,
        7,
        null,
        null,
        1,
        null,
        null,
        1,
        0,
        0,
        0,
        0,
        null,
        null,
        null
      ],
      "/Users/frankavila/Desktop/french/spec/controllers/orders_controller_spec.rb": [
        1,
        null,
        1,
        13,
        11,
        1,
        16,
        12,
        null,
        null,
        1,
        1,
        1,
        4,
        4,
        null,
        1,
        1,
        null,
        1,
        1,
        null,
        1,
        1,
        null,
        1,
        1,
        null,
        null,
        1,
        1,
        2,
        2,
        2,
        null,
        1,
        1,
        null,
        1,
        1,
        null,
        null,
        null,
        1,
        1,
        1,
        3,
        3,
        null,
        1,
        1,
        1,
        null,
        null,
        1,
        1,
        null,
        1,
        1,
        null,
        null,
        1,
        1,
        3,
        null,
        1,
        1,
        1,
        null,
        null,
        1,
        1,
        null,
        1,
        1,
        null,
        null,
        null,
        1,
        1,
        4,
        null,
        1,
        1,
        null,
        1,
        1,
        null,
        1,
        1,
        null,
        1,
        1,
        1,
        1,
        1,
        null,
        null,
        null,
        null
      ],
      "/Users/frankavila/Desktop/french/app/controllers/orders_controller.rb": [
        1,
        1,
        1,
        null,
        1,
        null,
        null,
        null,
        null,
        1,
        7,
        7,
        7,
        5,
        5,
        28,
        null,
        null,
        2,
        2,
        null,
        null,
        null,
        null,
        null,
        1,
        8,
        8,
        8,
        8,
        4,
        4,
        4,
        4,
        null,
        0,
        0,
        null,
        null,
        4,
        4,
        null,
        null,
        null,
        1,
        null,
        1,
        8,
        null,
        null,
        null,
        null,
        null,
        null,
        null,
        null,
        null,
        null,
        null,
        null,
        1,
        3,
        null,
        null,
        null,
        1,
        11,
        4,
        4,
        4,
        null,
        null,
        null
      ],
      "/Users/frankavila/Desktop/french/spec/controllers/rooms_controller_spec.rb": [
        1,
        null,
        1,
        18,
        18,
        18,
        1,
        17,
        null,
        null,
        1,
        1,
        3,
        null,
        1,
        1,
        null,
        1,
        1,
        null,
        1,
        1,
        null,
        null,
        1,
        1,
        2,
        null,
        1,
        1,
        null,
        1,
        1,
        null,
        null,
        1,
        1,
        6,
        4,
        null,
        null,
        1,
        1,
        1,
        null,
        1,
        1,
        null,
        1,
        1,
        1,
        null,
        null,
        1,
        1,
        null,
        null,
        1,
        1,
        1,
        1,
        null,
        null,
        1,
        1,
        1,
        null,
        null,
        null,
        1,
        2,
        1,
        1,
        null,
        1,
        1,
        null,
        null,
        1,
        5,
        1,
        4,
        2,
        null,
        null,
        1,
        1,
        1,
        1,
        null,
        1,
        1,
        null,
        null,
        1,
        1,
        2,
        null,
        1,
        1,
        1,
        null,
        1,
        1,
        null,
        null,
        null,
        1,
        1,
        1,
        1,
        1,
        null,
        null,
        null,
        null
      ],
      "/Users/frankavila/Desktop/french/app/controllers/rooms_controller.rb": [
        1,
        1,
        1,
        null,
        1,
        null,
        1,
        3,
        3,
        3,
        null,
        null,
        null,
        1,
        2,
        null,
        null,
        1,
        7,
        null,
        null,
        1,
        null,
        null,
        1,
        4,
        null,
        null,
        1,
        1,
        null,
        null,
        1,
        null,
        1,
        6,
        null,
        null,
        1,
        11,
        null,
        null
      ],
      "/Users/frankavila/Desktop/french/spec/controllers/sub_events_controller_spec.rb": [
        1,
        null,
        1,
        18,
        18,
        18,
        1,
        17,
        null,
        null,
        1,
        1,
        3,
        null,
        1,
        1,
        null,
        1,
        1,
        null,
        1,
        1,
        null,
        null,
        1,
        1,
        2,
        null,
        1,
        1,
        null,
        1,
        1,
        null,
        null,
        1,
        1,
        6,
        4,
        null,
        null,
        1,
        1,
        1,
        null,
        1,
        1,
        null,
        1,
        1,
        1,
        null,
        null,
        1,
        1,
        null,
        null,
        1,
        1,
        1,
        1,
        null,
        null,
        1,
        1,
        1,
        null,
        null,
        null,
        1,
        2,
        1,
        1,
        null,
        1,
        1,
        null,
        null,
        1,
        5,
        1,
        4,
        2,
        null,
        null,
        1,
        1,
        1,
        1,
        null,
        1,
        1,
        null,
        null,
        1,
        1,
        2,
        null,
        1,
        1,
        1,
        null,
        1,
        1,
        null,
        null,
        null,
        1,
        1,
        1,
        1,
        1,
        null,
        null,
        null,
        null
      ],
      "/Users/frankavila/Desktop/french/app/controllers/sub_events_controller.rb": [
        1,
        1,
        1,
        null,
        1,
        null,
        1,
        3,
        3,
        3,
        null,
        null,
        null,
        1,
        2,
        null,
        null,
        1,
        7,
        7,
        7,
        7,
        null,
        null,
        1,
        null,
        null,
        1,
        4,
        null,
        null,
        1,
        1,
        null,
        null,
        1,
        null,
        1,
        6,
        6,
        6,
        null,
        null,
        1,
        11,
        null,
        null
      ],
      "/Users/frankavila/Desktop/french/spec/controllers/workshops_controller_spec.rb": [
        1,
        null,
        1,
        18,
        18,
        18,
        18,
        1,
        17,
        null,
        null,
        1,
        1,
        3,
        null,
        1,
        1,
        null,
        1,
        1,
        null,
        1,
        1,
        null,
        null,
        1,
        1,
        3,
        null,
        1,
        1,
        null,
        1,
        1,
        null,
        1,
        1,
        null,
        null,
        1,
        1,
        5,
        3,
        null,
        null,
        1,
        1,
        1,
        null,
        1,
        1,
        1,
        null,
        null,
        1,
        1,
        null,
        null,
        1,
        1,
        1,
        1,
        null,
        null,
        1,
        1,
        1,
        null,
        null,
        null,
        1,
        2,
        1,
        1,
        null,
        1,
        1,
        null,
        null,
        1,
        5,
        1,
        4,
        2,
        null,
        null,
        1,
        1,
        1,
        1,
        null,
        1,
        1,
        null,
        null,
        1,
        1,
        2,
        null,
        1,
        1,
        1,
        null,
        1,
        1,
        null,
        null,
        null,
        1,
        1,
        1,
        1,
        1,
        null,
        null,
        null,
        null
      ],
      "/Users/frankavila/Desktop/french/app/controllers/workshops_controller.rb": [
        1,
        1,
        1,
        null,
        1,
        null,
        1,
        3,
        3,
        3,
        null,
        null,
        null,
        1,
        3,
        null,
        null,
        1,
        6,
        null,
        null,
        1,
        null,
        null,
        1,
        4,
        null,
        null,
        1,
        1,
        null,
        null,
        1,
        null,
        1,
        6,
        null,
        null,
        1,
        10,
        null,
        null,
        null
      ],
      "/Users/frankavila/Desktop/french/spec/helpers/days_helper_spec.rb": [
        1,
        null,
        null,
        null,
        null,
        null,
        null,
        null,
        null,
        null,
        null,
        null,
        1,
        1,
        null
      ],
      "/Users/frankavila/Desktop/french/spec/helpers/rooms_helper_spec.rb": [
        1,
        null,
        null,
        null,
        null,
        null,
        null,
        null,
        null,
        null,
        null,
        null,
        1,
        1,
        null
      ],
      "/Users/frankavila/Desktop/french/spec/helpers/sub_events_helper_spec.rb": [
        1,
        null,
        null,
        null,
        null,
        null,
        null,
        null,
        null,
        null,
        null,
        null,
        1,
        1,
        null
      ],
      "/Users/frankavila/Desktop/french/spec/helpers/workshops_helper_spec.rb": [
        1,
        null,
        null,
        null,
        null,
        null,
        null,
        null,
        null,
        null,
        null,
        null,
        1,
        1,
        null
      ],
      "/Users/frankavila/Desktop/french/spec/models/day_spec.rb": [
        1,
        null,
        1,
        1,
        2,
        2,
        2,
        null,
        1,
        2,
        2,
        null,
        null
      ],
      "/Users/frankavila/Desktop/french/app/models/day.rb": [
        1,
        1,
        1,
        1,
        null,
        1,
        null,
        1,
        null,
        82,
        null,
        null
      ],
      "/Users/frankavila/Desktop/french/spec/models/order_spec.rb": [
        1,
        null,
        1,
        1,
        2,
        2,
        2,
        2,
        null,
        1,
        2,
        2,
        2,
        2,
        2,
        2,
        2,
        1,
        1,
        1,
        1,
        null,
        null,
        1,
        7,
        1,
        1,
        1,
        null,
        1,
        1,
        1,
        null,
        1,
        1,
        1,
        null,
        1,
        1,
        1,
        2,
        null,
        1,
        1,
        1,
        null,
        1,
        1,
        1,
        2,
        null,
        1,
        1,
        1,
        1,
        null,
        1,
        1,
        1,
        2,
        null,
        1,
        1,
        1,
        1,
        1,
        null,
        null,
        1,
        6,
        5,
        1,
        1,
        null,
        1,
        1,
        null,
        1,
        1,
        1,
        null,
        1,
        1,
        1,
        1,
        null,
        1,
        1,
        1,
        null,
        1,
        1,
        1,
        null,
        1,
        1,
        1,
        null,
        null,
        1,
        1,
        1,
        1,
        1,
        1,
        null,
        1,
        1,
        1,
        1,
        1,
        1,
        null,
        null,
        null
      ],
      "/Users/frankavila/Desktop/french/app/models/order.rb": [
        1,
        1,
        1,
        1,
        1,
        1,
        null,
        1,
        1,
        1,
        1,
        1,
        null,
        1,
        null,
        1,
        null,
        1,
        1,
        null,
        null,
        1,
        null,
        null,
        null,
        1,
        13,
        13,
        13,
        13,
        null,
        null,
        1,
        null,
        1,
        13,
        null,
        null,
        null,
        null,
        null,
        null,
        null,
        null,
        null,
        null,
        1,
        31,
        8,
        48,
        null,
        null,
        null,
        null,
        1,
        null,
        null,
        null,
        null,
        null,
        null,
        null,
        null,
        52,
        null,
        null,
        null,
        null,
        1,
        19,
        19,
        30,
        null,
        19,
        19,
        19,
        19,
        19,
        19,
        null,
        null
      ],
      "/Users/frankavila/Desktop/french/spec/models/room_spec.rb": [
        1,
        null,
        1,
        1,
        2,
        2,
        null,
        1,
        2,
        null,
        null
      ],
      "/Users/frankavila/Desktop/french/app/models/room.rb": [
        1,
        1,
        1,
        null,
        1,
        null
      ],
      "/Users/frankavila/Desktop/french/spec/models/sub_event_spec.rb": [
        1,
        null,
        1,
        1,
        2,
        null,
        1,
        2,
        2,
        null,
        null
      ],
      "/Users/frankavila/Desktop/french/app/models/sub_event.rb": [
        1,
        1,
        null,
        1,
        null,
        40,
        null
      ],
      "/Users/frankavila/Desktop/french/spec/models/workshop_spec.rb": [
        1,
        null,
        1,
        1,
        2,
        null,
        1,
        2,
        2,
        2,
        null,
        null
      ],
      "/Users/frankavila/Desktop/french/app/models/workshop.rb": [
        1,
        1,
        null,
        1,
        null
      ],
      "/Users/frankavila/Desktop/french/app/models/user.rb": [
        1,
        1,
        1,
        1,
        null,
        1,
        1,
        1,
        1,
        1,
        1,
        null,
        null,
        null,
        null,
        null,
        null,
        null,
        null,
        null,
        null,
        null,
        1,
        null,
        null,
        1,
        198,
        null,
        198,
        null,
        null,
        null,
        1,
        198,
        null,
        null,
        null,
        1,
        0,
        0,
        0,
        null,
        null,
        1,
        0,
        0,
        null,
        null,
        null,
        1,
        0,
        null,
        null,
        null,
        1,
        0,
        0,
        null,
        null,
        null,
        1,
        0,
        null,
        null,
        1,
        0,
        0,
        0,
        null,
        null,
        null,
        1,
        0,
        null,
        null,
        null,
        1,
        0,
        null,
        null,
        1,
        null,
        null,
        1,
        198,
        null,
        null,
        null,
        1,
        198,
        198,
        null,
        null
      ],
      "/Users/frankavila/Desktop/french/app/models/ticket.rb": [
        1,
        1,
        1,
        1,
        null,
        1,
        null,
        19,
        9,
        10,
        10,
        null,
        null,
        null,
        1,
        7,
        7,
        12,
        null,
        12,
        null,
        7,
        null,
        null
      ],
      "/Users/frankavila/Desktop/french/app/models/event.rb": [
        1,
        1,
        1,
        1,
        1,
        null,
        1,
        null,
        null,
        1,
        1,
        null,
        1,
        1,
        null,
        null,
        1,
        1,
        1,
        null,
        null,
        null,
        null,
        1,
        null,
        1,
        null,
        119,
        null,
        null,
        null
      ],
      "/Users/frankavila/Desktop/french/app/models/entitlement.rb": [
        1,
        1,
        1,
        null,
        1,
        null,
        1,
        null,
        null,
        1,
        null,
        1,
        30,
        null,
        null
      ],
      "/Users/frankavila/Desktop/french/app/models/order_transaction.rb": [
        1,
        1,
        1,
        null,
        1,
        13,
        13,
        13,
        13,
        null,
        0,
        0,
        0,
        0,
        null,
        null
      ],
      "/Users/frankavila/Desktop/french/app/mailers/user_mailer.rb": [
        1,
        null,
        1,
        0,
        0,
        null,
        null,
        1,
        0,
        0,
        null,
        null,
        1,
        4,
        4,
        4,
        null,
        null,
        null
      ],
      "/Users/frankavila/Desktop/french/app/mailers/application_mailer.rb": [
        1,
        1,
        1,
        null
      ]
    },
    "timestamp": 1484019072
  }
}
