{
  "RSpec": {
    "coverage": {
      "/var/www/sample_app/config/environment.rb": [
        null,
        1,
        null,
        null,
        1
      ],
      "/var/www/sample_app/config/application.rb": [
        1,
        null,
        1,
        null,
        null,
        null,
        1,
        null,
        1,
        1,
        null,
        null,
        null,
        null,
        null,
        null,
        null,
        null,
        null,
        null,
        null,
        null,
        null,
        1,
        null,
        null
      ],
      "/var/www/sample_app/config/boot.rb": [
        1,
        null,
        1
      ],
      "/var/www/sample_app/config/environments/test.rb": [
        1,
        null,
        null,
        null,
        null,
        null,
        null,
        1,
        null,
        null,
        null,
        null,
        1,
        null,
        null,
        1,
        1,
        null,
        null,
        1,
        1,
        null,
        null,
        1,
        null,
        null,
        1,
        null,
        null,
        null,
        null,
        1,
        1,
        null,
        null,
        1,
        null,
        null,
        1,
        null,
        null,
        null,
        1,
        1,
        1,
        null,
        null
      ],
      "/var/www/sample_app/config/initializers/assets.rb": [
        null,
        null,
        null,
        1,
        null,
        null,
        null,
        null,
        null,
        null,
        null
      ],
      "/var/www/sample_app/config/initializers/backtrace_silencers.rb": [
        null,
        null,
        null,
        null,
        1,
        null,
        null,
        null
      ],
      "/var/www/sample_app/config/initializers/cookies_serializer.rb": [
        null,
        null,
        1
      ],
      "/var/www/sample_app/config/initializers/filter_parameter_logging.rb": [
        null,
        null,
        null,
        1
      ],
      "/var/www/sample_app/config/initializers/inflections.rb": [
        null,
        null,
        null,
        null,
        null,
        null,
        null,
        null,
        null,
        null,
        null,
        null,
        null,
        null,
        null,
        null
      ],
      "/var/www/sample_app/config/initializers/mime_types.rb": [
        null,
        null,
        null,
        null
      ],
      "/var/www/sample_app/config/initializers/session_store.rb": [
        null,
        null,
        1
      ],
      "/var/www/sample_app/config/initializers/wrap_parameters.rb": [
        null,
        null,
        null,
        null,
        null,
        null,
        1,
        1,
        null,
        null,
        null,
        null,
        null,
        null
      ],
      "/var/www/sample_app/spec/factories/entitlements.rb": [
        1,
        1,
        1,
        31,
        31,
        1,
        null,
        null
      ],
      "/var/www/sample_app/spec/factories/events.rb": [
        1,
        1,
        1,
        46,
        46,
        1,
        null,
        null
      ],
      "/var/www/sample_app/spec/factories/orders.rb": [
        1,
        1,
        1,
        1,
        16,
        16,
        1,
        1,
        1,
        16,
        16,
        16,
        16,
        1,
        1,
        1,
        1,
        1,
        1,
        1,
        1,
        1,
        null,
        1,
        15,
        15,
        15,
        null,
        null,
        null
      ],
      "/var/www/sample_app/spec/factories/tickets.rb": [
        1,
        1,
        1,
        31,
        1,
        1,
        1,
        null,
        null
      ],
      "/var/www/sample_app/spec/factories/users.rb": [
        1,
        1,
        61,
        61,
        61,
        1,
        null,
        null
      ],
      "/var/www/sample_app/config/routes.rb": [
        1,
        null,
        1,
        null,
        1,
        null,
        1,
        null,
        1,
        null,
        1,
        null,
        1,
        1,
        1,
        1,
        1,
        1,
        1,
        1,
        1,
        1,
        1,
        1,
        1,
        1,
        1,
        null,
        null
      ],
      "/var/www/sample_app/app/helpers/account_activations_helper.rb": [
        1,
        null
      ],
      "/var/www/sample_app/app/helpers/application_helper.rb": [
        1,
        null,
        null,
        1,
        0,
        0,
        0,
        null,
        0,
        null,
        null,
        null
      ],
      "/var/www/sample_app/app/helpers/events_helper.rb": [
        1,
        null
      ],
      "/var/www/sample_app/app/helpers/orders_helper.rb": [
        1,
        null
      ],
      "/var/www/sample_app/app/helpers/password_resets_helper.rb": [
        1,
        null
      ],
      "/var/www/sample_app/app/helpers/public_helper.rb": [
        1,
        null
      ],
      "/var/www/sample_app/app/helpers/sessions_helper.rb": [
        1,
        null,
        null,
        1,
        0,
        null,
        null,
        null,
        1,
        0,
        0,
        0,
        null,
        null,
        null,
        1,
        0,
        null,
        null,
        null,
        1,
        0,
        0,
        0,
        0,
        0,
        0,
        0,
        null,
        null,
        null,
        null,
        null,
        1,
        0,
        null,
        null,
        null,
        1,
        0,
        0,
        0,
        null,
        null,
        null,
        1,
        0,
        0,
        0,
        null,
        null,
        null,
        1,
        0,
        0,
        null,
        null,
        null,
        1,
        0,
        null,
        null
      ],
      "/var/www/sample_app/app/helpers/static_pages_helper.rb": [
        1,
        null
      ],
      "/var/www/sample_app/app/helpers/tickets_helper.rb": [
        1,
        null
      ],
      "/var/www/sample_app/app/helpers/users_helper.rb": [
        1,
        null,
        null
      ],
      "/var/www/sample_app/app/models/order.rb": [
        1,
        1,
        1,
        1,
        1,
        1,
        null,
        1,
        null,
        1,
        null,
        1,
        1,
        null,
        null,
        1,
        null,
        null,
        null,
        1,
        9,
        9,
        9,
        9,
        null,
        null,
        1,
        null,
        1,
        9,
        null,
        null,
        null,
        null,
        null,
        null,
        null,
        null,
        null,
        null,
        1,
        23,
        8,
        48,
        null,
        null,
        null,
        null,
        1,
        null,
        null,
        null,
        null,
        null,
        null,
        null,
        null,
        40,
        null,
        null,
        null,
        null,
        1,
        15,
        15,
        30,
        null,
        15,
        15,
        15,
        15,
        15,
        15,
        null,
        null
      ],
      "/var/www/sample_app/app/models/order_transaction.rb": [
        1,
        1,
        1,
        null,
        1,
        9,
        9,
        9,
        9,
        null,
        0,
        0,
        0,
        0,
        null,
        null
      ],
      "/var/www/sample_app/app/models/entitlement.rb": [
        1,
        1,
        1,
        null,
        1,
        null,
        1,
        null,
        null,
        1,
        null,
        1,
        30,
        null,
        null
      ],
      "/var/www/sample_app/app/models/user.rb": [
        1,
        1,
        1,
        1,
        null,
        1,
        1,
        1,
        1,
        1,
        1,
        null,
        null,
        null,
        null,
        null,
        null,
        null,
        null,
        null,
        null,
        null,
        1,
        null,
        null,
        1,
        60,
        null,
        60,
        null,
        null,
        null,
        1,
        60,
        null,
        null,
        null,
        1,
        0,
        0,
        0,
        null,
        null,
        1,
        0,
        0,
        null,
        null,
        null,
        1,
        0,
        null,
        null,
        null,
        1,
        0,
        0,
        null,
        null,
        null,
        1,
        0,
        null,
        null,
        1,
        0,
        0,
        0,
        null,
        null,
        null,
        1,
        0,
        null,
        null,
        null,
        1,
        0,
        null,
        null,
        1,
        null,
        null,
        1,
        60,
        null,
        null,
        null,
        1,
        60,
        60,
        null,
        null
      ],
      "/var/www/sample_app/app/models/event.rb": [
        1,
        1,
        1,
        1,
        null,
        1,
        1,
        null,
        1,
        1,
        null,
        null,
        1,
        1,
        1,
        null,
        null,
        null,
        null,
        1,
        null,
        1,
        null,
        45,
        null,
        null,
        null
      ],
      "/var/www/sample_app/app/models/ticket.rb": [
        1,
        1,
        1,
        1,
        null,
        1,
        null,
        15,
        5,
        10,
        10,
        null,
        null,
        null,
        1,
        0,
        0,
        0,
        null,
        0,
        null,
        0,
        null,
        null
      ]
    },
    "timestamp": 1453906123
  }
}
